c:\users\spc\desktop\componentframework20.0.1\componentframework\debug\vc142.pdb
c:\users\spc\desktop\componentframework20.0.1\componentframework\debug\vc142.idb
c:\users\spc\desktop\componentframework20.0.1\componentframework\debug\texture.obj
c:\users\spc\desktop\componentframework20.0.1\componentframework\debug\shader.obj
c:\users\spc\desktop\componentframework20.0.1\componentframework\debug\scene1.obj
c:\users\spc\desktop\componentframework20.0.1\componentframework\debug\scene0.obj
c:\users\spc\desktop\componentframework20.0.1\componentframework\debug\objloader.obj
c:\users\spc\desktop\componentframework20.0.1\componentframework\debug\mmath.obj
c:\users\spc\desktop\componentframework20.0.1\componentframework\debug\mesh.obj
c:\users\spc\desktop\componentframework20.0.1\componentframework\debug\main.obj
c:\users\spc\desktop\componentframework20.0.1\componentframework\debug\scenemanager.obj
c:\users\spc\desktop\componentframework20.0.1\componentframework\debug\scene6.obj
c:\users\spc\desktop\componentframework20.0.1\componentframework\debug\scene5.obj
c:\users\spc\desktop\componentframework20.0.1\componentframework\debug\scene4.obj
c:\users\spc\desktop\componentframework20.0.1\componentframework\debug\scene3.obj
c:\users\spc\desktop\componentframework20.0.1\componentframework\debug\scene2.obj
c:\users\spc\desktop\componentframework20.0.1\componentframework\debug\physicsobject.obj
c:\users\spc\desktop\componentframework20.0.1\componentframework\debug\physics.obj
c:\users\spc\desktop\componentframework20.0.1\componentframework\debug\demoobject.obj
c:\users\spc\desktop\componentframework20.0.1\componentframework\debug\gameobject.obj
c:\users\spc\desktop\componentframework20.0.1\componentframework\debug\debug.obj
c:\users\spc\desktop\componentframework20.0.1\componentframework\debug\camera.obj
c:\users\spc\desktop\componentframework20.0.1\componentframework\debug\window.obj
c:\users\spc\desktop\componentframework20.0.1\componentframework\debug\vmath.obj
c:\users\spc\desktop\componentframework20.0.1\componentframework\debug\timer.obj
c:\users\spc\desktop\componentframework20.0.1\componentframework\debug\the_glitch.obj
c:\users\spc\desktop\componentframework20.0.1\componentframework\debug\level1gen.obj
c:\users\spc\desktop\componentframework20.1.0\componentframework\debug\vc142.pdb
c:\users\spc\desktop\componentframework20.1.0\componentframework\debug\vc142.idb
c:\users\spc\desktop\componentframework20.1.0\componentframework\debug\shader.obj
c:\users\spc\desktop\componentframework20.1.0\componentframework\debug\scene1.obj
c:\users\spc\desktop\componentframework20.1.0\componentframework\debug\scene0.obj
c:\users\spc\desktop\componentframework20.1.0\componentframework\debug\objloader.obj
c:\users\spc\desktop\componentframework20.1.0\componentframework\debug\mmath.obj
c:\users\spc\desktop\componentframework20.1.0\componentframework\debug\mesh.obj
c:\users\spc\desktop\componentframework20.1.0\componentframework\debug\main.obj
c:\users\spc\desktop\componentframework20.1.0\componentframework\debug\scenemanager.obj
c:\users\spc\desktop\componentframework20.1.0\componentframework\debug\scene6.obj
c:\users\spc\desktop\componentframework20.1.0\componentframework\debug\scene5.obj
c:\users\spc\desktop\componentframework20.1.0\componentframework\debug\scene4.obj
c:\users\spc\desktop\componentframework20.1.0\componentframework\debug\scene3.obj
c:\users\spc\desktop\componentframework20.1.0\componentframework\debug\scene2.obj
c:\users\spc\desktop\componentframework20.1.0\componentframework\debug\physicsobject.obj
c:\users\spc\desktop\componentframework20.1.0\componentframework\debug\physics.obj
c:\users\spc\desktop\componentframework20.1.0\componentframework\debug\level1gen.obj
c:\users\spc\desktop\componentframework20.1.0\componentframework\debug\demoobject.obj
c:\users\spc\desktop\componentframework20.1.0\componentframework\debug\gameobject.obj
c:\users\spc\desktop\componentframework20.1.0\componentframework\debug\debug.obj
c:\users\spc\desktop\componentframework20.1.0\componentframework\debug\camera.obj
c:\users\spc\desktop\componentframework20.1.0\componentframework\debug\window.obj
c:\users\spc\desktop\componentframework20.1.0\componentframework\debug\vmath.obj
c:\users\spc\desktop\componentframework20.1.0\componentframework\debug\timer.obj
c:\users\spc\desktop\componentframework20.1.0\componentframework\debug\the_glitch.obj
c:\users\spc\desktop\componentframework20.1.0\componentframework\debug\texture.obj
c:\users\spc\desktop\componentframework20.1.0\componentframework\debug\viper.obj
c:\users\spc\desktop\componentframework20.0.1\debug\componentframework.exe
c:\users\spc\desktop\componentframework20.0.1\debug\componentframework.ilk
c:\users\spc\desktop\componentframework20.0.1\debug\componentframework.pdb
c:\users\spc\desktop\componentframework20.1.0\debug\componentframework.exe
c:\users\spc\desktop\componentframework20.1.0\debug\componentframework.ilk
c:\users\spc\desktop\componentframework20.1.0\debug\componentframework.pdb
c:\users\spc\desktop\componentframework20.1.0\componentframework\debug\componentframework.res
c:\users\spc\desktop\componentframework20.1.0\componentframework\debug\componen.614c2865.tlog\cl.command.1.tlog
c:\users\spc\desktop\componentframework20.1.0\componentframework\debug\componen.614c2865.tlog\cl.read.1.tlog
c:\users\spc\desktop\componentframework20.1.0\componentframework\debug\componen.614c2865.tlog\cl.write.1.tlog
c:\users\spc\desktop\componentframework20.1.0\componentframework\debug\componen.614c2865.tlog\link.command.1.tlog
c:\users\spc\desktop\componentframework20.1.0\componentframework\debug\componen.614c2865.tlog\link.read.1.tlog
c:\users\spc\desktop\componentframework20.1.0\componentframework\debug\componen.614c2865.tlog\link.write.1.tlog
c:\users\spc\desktop\componentframework20.1.0\componentframework\debug\componen.614c2865.tlog\rc.command.1.tlog
c:\users\spc\desktop\componentframework20.1.0\componentframework\debug\componen.614c2865.tlog\rc.read.1.tlog
c:\users\spc\desktop\componentframework20.1.0\componentframework\debug\componen.614c2865.tlog\rc.write.1.tlog
